<?xml version="1.0" encoding="UTF-8"?>
<testng-results ignored="0" total="1" passed="1" failed="0" skipped="0">
  <reporter-output>
  </reporter-output>
  <suite started-at="2024-12-04T22:09:25 IST" name="Default suite" finished-at="2024-12-04T22:10:05 IST" duration-ms="40354">
    <groups>
    </groups>
    <test started-at="2024-12-04T22:09:25 IST" name="Default test" finished-at="2024-12-04T22:10:05 IST" duration-ms="40354">
      <class name="register.TC_RF_018">
        <test-method signature="verifyHeightWidthNumberOfCharacters()[pri:0, instance:register.TC_RF_018@130d63be]" started-at="2024-12-04T22:09:25 IST" name="verifyHeightWidthNumberOfCharacters" finished-at="2024-12-04T22:10:05 IST" duration-ms="40011" status="PASS">
          <reporter-output>
          </reporter-output>
        </test-method> <!-- verifyHeightWidthNumberOfCharacters -->
        <test-method is-config="true" signature="teardown()[pri:0, instance:register.TC_RF_018@130d63be]" started-at="2024-12-04T22:10:05 IST" name="teardown" finished-at="2024-12-04T22:10:05 IST" duration-ms="300" status="PASS">
          <reporter-output>
          </reporter-output>
        </test-method> <!-- teardown -->
      </class> <!-- register.TC_RF_018 -->
    </test> <!-- Default test -->
  </suite> <!-- Default suite -->
</testng-results>
